Active-HDL 10.3.3559.6081  2017-06-26 12:16:53

Elaboration top modules:
Architecture                  TB_Arch(IIR_TB_Street)


--------------------------------------------------------------------------------------------------------------------------------
Entity                     | Architecture                    | Library | Info | Compiler Version          | Compilation Options
--------------------------------------------------------------------------------------------------------------------------------
IIR_TB_Street              | TB_Arch                         | iir     |      | 10.3.3559.6081  (Windows) | -O3
IIR                        | IIR_Arch                        | iir     |      | 10.3.3559.6081  (Windows) | -O3
RippleCarryAdder           | RippleCarryAdder_Arch           | iir     |      | 10.3.3559.6081  (Windows) | -O3
RippleCarryAdderSubtractor | RippleCarryAdderSubtractor_Arch | iir     |      | 10.3.3559.6081  (Windows) | -O3
Reg                        | Reg_Arch                        | iir     |      | 10.3.3559.6081  (Windows) | -O3
DFlipFlop                  | DFlipFlop_Arch                  | iir     |      | 10.3.3559.6081  (Windows) | -O3
FullAdder                  | FullAdder_Arch                  | iir     |      | 10.3.3559.6081  (Windows) | -O3
FullAdderSubtractor        | FullAdderSubtractor_Arch        | iir     |      | 10.3.3559.6081  (Windows) | -O3
--------------------------------------------------------------------------------------------------------------------------------

--------------------------------------------------------------------------------------------------------------------------------
VHDL Package                                                 | Library | Info | Compiler Version          | Compilation Options
--------------------------------------------------------------------------------------------------------------------------------
standard                                                     | std     |      |                           | <unavailable>
TEXTIO                                                       | std     |      | 10.3.3559.6081  (Windows) |  -2008
std_logic_1164                                               | ieee    |      | 10.3.3559.6081  (Windows) |  -2008
NUMERIC_STD                                                  | ieee    |      | 10.3.3559.6081  (Windows) |  -2008
--------------------------------------------------------------------------------------------------------------------------------

--------------------------------------------------------------------------------------------------------------------------------
Library                                                      | Comment
--------------------------------------------------------------------------------------------------------------------------------
ieee                                                         | Standard IEEE packages library
iir                                                          | None
std                                                          | Standard VHDL library
--------------------------------------------------------------------------------------------------------------------------------
