Copyright 1986-2017 Xilinx, Inc. All Rights Reserved.
----------------------------------------------------------------------------------------------------------------------------------------------
| Tool Version     : Vivado v.2017.1 (win64) Build 1846317 Fri Apr 14 18:55:03 MDT 2017
| Date             : Sun Jun 25 17:22:30 2017
| Host             : GABRIELEBARD820 running 64-bit major release  (build 9200)
| Command          : report_power -file IIR16bit_power_routed.rpt -pb IIR16bit_power_summary_routed.pb -rpx IIR16bit_power_routed.rpx
| Design           : IIR16bit
| Device           : xc7z010clg400-3
| Design State     : routed
| Grade            : extended
| Process          : typical
| Characterization : Production
----------------------------------------------------------------------------------------------------------------------------------------------

Power Report

Table of Contents
-----------------
1. Summary
1.1 On-Chip Components
1.2 Power Supply Summary
1.3 Confidence Level
2. Settings
2.1 Environment
2.2 Clock Constraints
3. Detailed Reports
3.1 By Hierarchy

1. Summary
----------

+--------------------------+-------+
| Total On-Chip Power (W)  | 0.103 |
| Dynamic (W)              | 0.000 |
| Device Static (W)        | 0.103 |
| Effective TJA (C/W)      | 11.5  |
| Max Ambient (C)          | 98.8  |
| Junction Temperature (C) | 26.2  |
| Confidence Level         | Low   |
| Setting File             | ---   |
| Simulation Activity File | ---   |
| Design Nets Matched      | NA    |
+--------------------------+-------+


1.1 On-Chip Components
----------------------

+----------------+-----------+----------+-----------+-----------------+
| On-Chip        | Power (W) | Used     | Available | Utilization (%) |
+----------------+-----------+----------+-----------+-----------------+
| Clocks         |    <0.001 |        3 |       --- |             --- |
| Slice Logic    |    <0.001 |      181 |       --- |             --- |
|   LUT as Logic |    <0.001 |       45 |     17600 |            0.26 |
|   Register     |    <0.001 |       64 |     35200 |            0.18 |
|   Others       |     0.000 |       64 |       --- |             --- |
| Signals        |    <0.001 |      132 |       --- |             --- |
| I/O            |    <0.001 |       34 |       100 |           34.00 |
| Static Power   |     0.103 |          |           |                 |
| Total          |     0.103 |          |           |                 |
+----------------+-----------+----------+-----------+-----------------+


1.2 Power Supply Summary
------------------------

+-----------+-------------+-----------+-------------+------------+
| Source    | Voltage (V) | Total (A) | Dynamic (A) | Static (A) |
+-----------+-------------+-----------+-------------+------------+
| Vccint    |       1.000 |     0.004 |       0.000 |      0.004 |
| Vccaux    |       1.800 |     0.011 |       0.000 |      0.011 |
| Vcco33    |       3.300 |     0.001 |       0.000 |      0.001 |
| Vcco25    |       2.500 |     0.000 |       0.000 |      0.000 |
| Vcco18    |       1.800 |     0.000 |       0.000 |      0.000 |
| Vcco15    |       1.500 |     0.000 |       0.000 |      0.000 |
| Vcco135   |       1.350 |     0.000 |       0.000 |      0.000 |
| Vcco12    |       1.200 |     0.000 |       0.000 |      0.000 |
| Vccaux_io |       1.800 |     0.000 |       0.000 |      0.000 |
| Vccbram   |       1.000 |     0.000 |       0.000 |      0.000 |
| MGTAVcc   |       1.000 |     0.000 |       0.000 |      0.000 |
| MGTAVtt   |       1.200 |     0.000 |       0.000 |      0.000 |
| MGTVccaux |       1.800 |     0.000 |       0.000 |      0.000 |
| Vccpint   |       1.000 |     0.016 |       0.000 |      0.016 |
| Vccpaux   |       1.800 |     0.010 |       0.000 |      0.010 |
| Vccpll    |       1.800 |     0.003 |       0.000 |      0.003 |
| Vcco_ddr  |       1.500 |     0.000 |       0.000 |      0.000 |
| Vcco_mio0 |       1.800 |     0.000 |       0.000 |      0.000 |
| Vcco_mio1 |       1.800 |     0.000 |       0.000 |      0.000 |
| Vccadc    |       1.800 |     0.020 |       0.000 |      0.020 |
+-----------+-------------+-----------+-------------+------------+


1.3 Confidence Level
--------------------

+-----------------------------+------------+--------------------------------------------------------+----------------------------------------------------------------------------------------------------------+
| User Input Data             | Confidence | Details                                                | Action                                                                                                   |
+-----------------------------+------------+--------------------------------------------------------+----------------------------------------------------------------------------------------------------------+
| Design implementation state | High       | Design is routed                                       |                                                                                                          |
| Clock nodes activity        | High       | User specified more than 95% of clocks                 |                                                                                                          |
| I/O nodes activity          | Low        | More than 75% of inputs are missing user specification | Provide missing input activity with simulation results or by editing the "By Resource Type -> I/Os" view |
| Internal nodes activity     | High       | User specified more than 25% of internal nodes         |                                                                                                          |
| Device models               | High       | Device models are Production                           |                                                                                                          |
|                             |            |                                                        |                                                                                                          |
| Overall confidence level    | Low        |                                                        |                                                                                                          |
+-----------------------------+------------+--------------------------------------------------------+----------------------------------------------------------------------------------------------------------+


2. Settings
-----------

2.1 Environment
---------------

+-----------------------+------------------------+
| Ambient Temp (C)      | 25.0                   |
| ThetaJA (C/W)         | 11.5                   |
| Airflow (LFM)         | 250                    |
| Heat Sink             | none                   |
| ThetaSA (C/W)         | 0.0                    |
| Board Selection       | medium (10"x10")       |
| # of Board Layers     | 8to11 (8 to 11 Layers) |
| Board Temperature (C) | 25.0                   |
+-----------------------+------------------------+


2.2 Clock Constraints
---------------------

+----------+--------+-----------------+
| Clock    | Domain | Constraint (ns) |
+----------+--------+-----------------+
| clk44100 | clk    |         22676.0 |
+----------+--------+-----------------+


3. Detailed Reports
-------------------

3.1 By Hierarchy
----------------

+--------------------+-----------+
| Name               | Power (W) |
+--------------------+-----------+
| IIR16bit           |    <0.001 |
|   filter           |    <0.001 |
|     GEN[0].REGx    |    <0.001 |
|       GEN[0].DFFx  |    <0.001 |
|       GEN[10].DFFx |    <0.001 |
|       GEN[11].DFFx |    <0.001 |
|       GEN[12].DFFx |    <0.001 |
|       GEN[13].DFFx |    <0.001 |
|       GEN[14].DFFx |    <0.001 |
|       GEN[15].DFFx |    <0.001 |
|       GEN[1].DFFx  |    <0.001 |
|       GEN[2].DFFx  |    <0.001 |
|       GEN[3].DFFx  |    <0.001 |
|       GEN[4].DFFx  |    <0.001 |
|       GEN[5].DFFx  |    <0.001 |
|       GEN[6].DFFx  |    <0.001 |
|       GEN[7].DFFx  |    <0.001 |
|       GEN[8].DFFx  |    <0.001 |
|       GEN[9].DFFx  |    <0.001 |
|     GEN[1].REGx    |    <0.001 |
|       GEN[0].DFFx  |    <0.001 |
|       GEN[10].DFFx |    <0.001 |
|       GEN[11].DFFx |    <0.001 |
|       GEN[12].DFFx |    <0.001 |
|       GEN[13].DFFx |    <0.001 |
|       GEN[14].DFFx |    <0.001 |
|       GEN[15].DFFx |    <0.001 |
|       GEN[1].DFFx  |    <0.001 |
|       GEN[2].DFFx  |    <0.001 |
|       GEN[3].DFFx  |    <0.001 |
|       GEN[4].DFFx  |    <0.001 |
|       GEN[5].DFFx  |    <0.001 |
|       GEN[6].DFFx  |    <0.001 |
|       GEN[7].DFFx  |    <0.001 |
|       GEN[8].DFFx  |    <0.001 |
|       GEN[9].DFFx  |    <0.001 |
|     GEN[2].REGx    |    <0.001 |
|       GEN[0].DFFx  |    <0.001 |
|       GEN[10].DFFx |    <0.001 |
|       GEN[11].DFFx |    <0.001 |
|       GEN[12].DFFx |    <0.001 |
|       GEN[13].DFFx |    <0.001 |
|       GEN[14].DFFx |    <0.001 |
|       GEN[15].DFFx |    <0.001 |
|       GEN[1].DFFx  |    <0.001 |
|       GEN[2].DFFx  |    <0.001 |
|       GEN[3].DFFx  |    <0.001 |
|       GEN[4].DFFx  |    <0.001 |
|       GEN[5].DFFx  |    <0.001 |
|       GEN[6].DFFx  |    <0.001 |
|       GEN[7].DFFx  |    <0.001 |
|       GEN[8].DFFx  |    <0.001 |
|       GEN[9].DFFx  |    <0.001 |
|     GEN[3].REGx    |    <0.001 |
|       GEN[0].DFFx  |    <0.001 |
|       GEN[10].DFFx |    <0.001 |
|       GEN[11].DFFx |    <0.001 |
|       GEN[12].DFFx |    <0.001 |
|       GEN[13].DFFx |    <0.001 |
|       GEN[14].DFFx |    <0.001 |
|       GEN[15].DFFx |    <0.001 |
|       GEN[1].DFFx  |    <0.001 |
|       GEN[2].DFFx  |    <0.001 |
|       GEN[3].DFFx  |    <0.001 |
|       GEN[4].DFFx  |    <0.001 |
|       GEN[5].DFFx  |    <0.001 |
|       GEN[6].DFFx  |    <0.001 |
|       GEN[7].DFFx  |    <0.001 |
|       GEN[8].DFFx  |    <0.001 |
|       GEN[9].DFFx  |    <0.001 |
+--------------------+-----------+


