
*** Running vivado
    with args -log IIR16bit.vdi -applog -m64 -product Vivado -messageDb vivado.pb -mode batch -source IIR16bit.tcl -notrace


****** Vivado v2017.1 (64-bit)
  **** SW Build 1846317 on Fri Apr 14 18:55:03 MDT 2017
  **** IP Build 1846188 on Fri Apr 14 20:52:08 MDT 2017
    ** Copyright 1986-2017 Xilinx, Inc. All Rights Reserved.

source IIR16bit.tcl -notrace
Design is defaulting to srcset: sources_1
Design is defaulting to constrset: constrs_1
INFO: [Netlist 29-17] Analyzing 18 Unisim elements for replacement
INFO: [Netlist 29-28] Unisim Transformation completed in 0 CPU seconds
INFO: [Project 1-479] Netlist was created with Vivado 2017.1
INFO: [Device 21-403] Loading part xc7z010clg400-3
INFO: [Project 1-570] Preparing netlist for logic optimization
Parsing XDC File [C:/Users/gabriele/Documents/DigitalSystems/ProjectIIR/vivado_synth/vivado_synth.srcs/constrs_1/new/constraints.xdc]
Finished Parsing XDC File [C:/Users/gabriele/Documents/DigitalSystems/ProjectIIR/vivado_synth/vivado_synth.srcs/constrs_1/new/constraints.xdc]
INFO: [Opt 31-138] Pushed 0 inverter(s) to 0 load pin(s).
INFO: [Project 1-111] Unisim Transformation Summary:
No Unisim elements were transformed.

link_design: Time (s): cpu = 00:00:06 ; elapsed = 00:00:07 . Memory (MB): peak = 484.273 ; gain = 263.801
Command: opt_design
Attempting to get a license for feature 'Implementation' and/or device 'xc7z010-clg400'
INFO: [Common 17-349] Got license for feature 'Implementation' and/or device 'xc7z010-clg400'
Running DRC as a precondition to command opt_design

Starting DRC Task
Command: report_drc (run_mandatory_drcs) for: opt_checks
INFO: [DRC 23-27] Running DRC with 2 threads
report_drc (run_mandatory_drcs) completed successfully
INFO: [Project 1-461] DRC finished with 0 Errors
INFO: [Project 1-462] Please refer to the DRC report (report_drc) for more information.

Time (s): cpu = 00:00:02 ; elapsed = 00:00:00.573 . Memory (MB): peak = 492.910 ; gain = 8.637
INFO: [Timing 38-35] Done setting XDC timing constraints.

Starting Logic Optimization Task

Phase 1 Retarget
INFO: [Opt 31-138] Pushed 0 inverter(s) to 0 load pin(s).
INFO: [Opt 31-49] Retargeted 0 cell(s).
Phase 1 Retarget | Checksum: b857b2b0

Time (s): cpu = 00:00:00 ; elapsed = 00:00:00.021 . Memory (MB): peak = 989.629 ; gain = 0.000
INFO: [Opt 31-389] Phase Retarget created 0 cells and removed 0 cells

Phase 2 Constant propagation
INFO: [Opt 31-138] Pushed 0 inverter(s) to 0 load pin(s).
Phase 2 Constant propagation | Checksum: b857b2b0

Time (s): cpu = 00:00:00 ; elapsed = 00:00:00.027 . Memory (MB): peak = 989.629 ; gain = 0.000
INFO: [Opt 31-389] Phase Constant propagation created 0 cells and removed 0 cells

Phase 3 Sweep
Phase 3 Sweep | Checksum: b857b2b0

Time (s): cpu = 00:00:00 ; elapsed = 00:00:00.033 . Memory (MB): peak = 989.629 ; gain = 0.000
INFO: [Opt 31-389] Phase Sweep created 0 cells and removed 0 cells

Phase 4 BUFG optimization
Phase 4 BUFG optimization | Checksum: b857b2b0

Time (s): cpu = 00:00:00 ; elapsed = 00:00:00.040 . Memory (MB): peak = 989.629 ; gain = 0.000
INFO: [Opt 31-389] Phase BUFG optimization created 0 cells and removed 0 cells

Phase 5 Shift Register Optimization
Phase 5 Shift Register Optimization | Checksum: b857b2b0

Time (s): cpu = 00:00:00 ; elapsed = 00:00:00.042 . Memory (MB): peak = 989.629 ; gain = 0.000
INFO: [Opt 31-389] Phase Shift Register Optimization created 0 cells and removed 0 cells

Starting Connectivity Check Task

Time (s): cpu = 00:00:00 ; elapsed = 00:00:00.001 . Memory (MB): peak = 989.629 ; gain = 0.000
Ending Logic Optimization Task | Checksum: b857b2b0

Time (s): cpu = 00:00:00 ; elapsed = 00:00:00.045 . Memory (MB): peak = 989.629 ; gain = 0.000

Starting Power Optimization Task
INFO: [Pwropt 34-132] Skipping clock gating for clocks with a period < 2.00 ns.
Ending Power Optimization Task | Checksum: b857b2b0

Time (s): cpu = 00:00:00 ; elapsed = 00:00:00.011 . Memory (MB): peak = 989.629 ; gain = 0.000
21 Infos, 0 Warnings, 0 Critical Warnings and 0 Errors encountered.
opt_design completed successfully
opt_design: Time (s): cpu = 00:00:15 ; elapsed = 00:00:14 . Memory (MB): peak = 989.629 ; gain = 505.355
INFO: [Common 17-1381] The checkpoint 'C:/Users/gabriele/Documents/DigitalSystems/ProjectIIR/vivado_synth/vivado_synth.runs/impl_1/IIR16bit_opt.dcp' has been generated.
Command: report_drc -file IIR16bit_drc_opted.rpt
INFO: [DRC 23-27] Running DRC with 2 threads
INFO: [Coretcl 2-168] The results of DRC are in file C:/Users/gabriele/Documents/DigitalSystems/ProjectIIR/vivado_synth/vivado_synth.runs/impl_1/IIR16bit_drc_opted.rpt.
report_drc completed successfully
INFO: [Chipscope 16-241] No debug cores found in the current design.
Before running the implement_debug_core command, either use the Set Up Debug wizard (GUI mode)
or use the create_debug_core and connect_debug_core Tcl commands to insert debug cores into the design.
Command: place_design
Attempting to get a license for feature 'Implementation' and/or device 'xc7z010-clg400'
INFO: [Common 17-349] Got license for feature 'Implementation' and/or device 'xc7z010-clg400'
Command: report_drc (run_mandatory_drcs) for: incr_eco_checks
INFO: [DRC 23-27] Running DRC with 2 threads
report_drc (run_mandatory_drcs) completed successfully
INFO: [Vivado_Tcl 4-198] DRC finished with 0 Errors
INFO: [Vivado_Tcl 4-199] Please refer to the DRC report (report_drc) for more information.
Running DRC as a precondition to command place_design
Command: report_drc (run_mandatory_drcs) for: placer_checks
INFO: [DRC 23-27] Running DRC with 2 threads
report_drc (run_mandatory_drcs) completed successfully
INFO: [Vivado_Tcl 4-198] DRC finished with 0 Errors
INFO: [Vivado_Tcl 4-199] Please refer to the DRC report (report_drc) for more information.

Starting Placer Task
INFO: [Place 30-611] Multithreading enabled for place_design using a maximum of 2 CPUs

Phase 1 Placer Initialization

Phase 1.1 Placer Initialization Netlist Sorting
Netlist sorting complete. Time (s): cpu = 00:00:00 ; elapsed = 00:00:00.001 . Memory (MB): peak = 989.629 ; gain = 0.000
Phase 1.1 Placer Initialization Netlist Sorting | Checksum: 411e7fe2

Time (s): cpu = 00:00:00 ; elapsed = 00:00:00.024 . Memory (MB): peak = 989.629 ; gain = 0.000
Netlist sorting complete. Time (s): cpu = 00:00:00 ; elapsed = 00:00:00.001 . Memory (MB): peak = 989.629 ; gain = 0.000

Phase 1.2 IO Placement/ Clock Placement/ Build Placer Device
INFO: [Timing 38-35] Done setting XDC timing constraints.
Phase 1.2 IO Placement/ Clock Placement/ Build Placer Device | Checksum: f56871d5

Time (s): cpu = 00:00:01 ; elapsed = 00:00:00.761 . Memory (MB): peak = 989.629 ; gain = 0.000

Phase 1.3 Build Placer Netlist Model
Phase 1.3 Build Placer Netlist Model | Checksum: 1a3ff4b38

Time (s): cpu = 00:00:01 ; elapsed = 00:00:00.912 . Memory (MB): peak = 989.629 ; gain = 0.000

Phase 1.4 Constrain Clocks/Macros
Phase 1.4 Constrain Clocks/Macros | Checksum: 1a3ff4b38

Time (s): cpu = 00:00:01 ; elapsed = 00:00:00.916 . Memory (MB): peak = 989.629 ; gain = 0.000
Phase 1 Placer Initialization | Checksum: 1a3ff4b38

Time (s): cpu = 00:00:01 ; elapsed = 00:00:00.920 . Memory (MB): peak = 989.629 ; gain = 0.000

Phase 2 Global Placement
Phase 2 Global Placement | Checksum: 11929bfd2

Time (s): cpu = 00:00:02 ; elapsed = 00:00:01 . Memory (MB): peak = 989.629 ; gain = 0.000

Phase 3 Detail Placement

Phase 3.1 Commit Multi Column Macros
Phase 3.1 Commit Multi Column Macros | Checksum: 11929bfd2

Time (s): cpu = 00:00:02 ; elapsed = 00:00:01 . Memory (MB): peak = 989.629 ; gain = 0.000

Phase 3.2 Commit Most Macros & LUTRAMs
Phase 3.2 Commit Most Macros & LUTRAMs | Checksum: 1e61eac25

Time (s): cpu = 00:00:02 ; elapsed = 00:00:01 . Memory (MB): peak = 989.629 ; gain = 0.000

Phase 3.3 Area Swap Optimization
Phase 3.3 Area Swap Optimization | Checksum: 15838f659

Time (s): cpu = 00:00:02 ; elapsed = 00:00:01 . Memory (MB): peak = 989.629 ; gain = 0.000

Phase 3.4 Pipeline Register Optimization
Phase 3.4 Pipeline Register Optimization | Checksum: 1ba3652db

Time (s): cpu = 00:00:02 ; elapsed = 00:00:01 . Memory (MB): peak = 989.629 ; gain = 0.000

Phase 3.5 Timing Path Optimizer
Phase 3.5 Timing Path Optimizer | Checksum: fe3bfbf6

Time (s): cpu = 00:00:02 ; elapsed = 00:00:01 . Memory (MB): peak = 989.629 ; gain = 0.000

Phase 3.6 Small Shape Detail Placement
Phase 3.6 Small Shape Detail Placement | Checksum: 2428c354d

Time (s): cpu = 00:00:02 ; elapsed = 00:00:01 . Memory (MB): peak = 989.629 ; gain = 0.000

Phase 3.7 Re-assign LUT pins
Phase 3.7 Re-assign LUT pins | Checksum: 2459b7676

Time (s): cpu = 00:00:02 ; elapsed = 00:00:01 . Memory (MB): peak = 989.629 ; gain = 0.000

Phase 3.8 Pipeline Register Optimization
Phase 3.8 Pipeline Register Optimization | Checksum: 2459b7676

Time (s): cpu = 00:00:02 ; elapsed = 00:00:01 . Memory (MB): peak = 989.629 ; gain = 0.000
Phase 3 Detail Placement | Checksum: 2459b7676

Time (s): cpu = 00:00:02 ; elapsed = 00:00:01 . Memory (MB): peak = 989.629 ; gain = 0.000

Phase 4 Post Placement Optimization and Clean-Up

Phase 4.1 Post Commit Optimization
INFO: [Timing 38-35] Done setting XDC timing constraints.

Phase 4.1.1 Post Placement Optimization
Post Placement Optimization Initialization | Checksum: 264476276

Phase 4.1.1.1 BUFG Insertion
INFO: [Physopt 32-721] Multithreading enabled for phys_opt_design using a maximum of 2 CPUs
INFO: [Place 46-41] BUFG insertion identified 0 candidate nets, 0 success, 0 skipped for placement/routing, 0 skipped for timing, 0 skipped for netlist change reason.
Phase 4.1.1.1 BUFG Insertion | Checksum: 264476276

Time (s): cpu = 00:00:02 ; elapsed = 00:00:02 . Memory (MB): peak = 989.629 ; gain = 0.000
INFO: [Place 30-746] Post Placement Timing Summary WNS=22671.705. For the most accurate timing information please run report_timing.
Phase 4.1.1 Post Placement Optimization | Checksum: 1dff1cd7f

Time (s): cpu = 00:00:02 ; elapsed = 00:00:02 . Memory (MB): peak = 989.629 ; gain = 0.000
Phase 4.1 Post Commit Optimization | Checksum: 1dff1cd7f

Time (s): cpu = 00:00:02 ; elapsed = 00:00:02 . Memory (MB): peak = 989.629 ; gain = 0.000

Phase 4.2 Post Placement Cleanup
Phase 4.2 Post Placement Cleanup | Checksum: 1dff1cd7f

Time (s): cpu = 00:00:02 ; elapsed = 00:00:02 . Memory (MB): peak = 989.629 ; gain = 0.000

Phase 4.3 Placer Reporting
Phase 4.3 Placer Reporting | Checksum: 1dff1cd7f

Time (s): cpu = 00:00:02 ; elapsed = 00:00:02 . Memory (MB): peak = 989.629 ; gain = 0.000

Phase 4.4 Final Placement Cleanup
Phase 4.4 Final Placement Cleanup | Checksum: 12d223556

Time (s): cpu = 00:00:02 ; elapsed = 00:00:02 . Memory (MB): peak = 989.629 ; gain = 0.000
Phase 4 Post Placement Optimization and Clean-Up | Checksum: 12d223556

Time (s): cpu = 00:00:02 ; elapsed = 00:00:02 . Memory (MB): peak = 989.629 ; gain = 0.000
Ending Placer Task | Checksum: d41ef65b

Time (s): cpu = 00:00:02 ; elapsed = 00:00:02 . Memory (MB): peak = 989.629 ; gain = 0.000
38 Infos, 0 Warnings, 0 Critical Warnings and 0 Errors encountered.
place_design completed successfully
Writing placer database...
Writing XDEF routing.
Writing XDEF routing logical nets.
Writing XDEF routing special nets.
Write XDEF Complete: Time (s): cpu = 00:00:00 ; elapsed = 00:00:00.107 . Memory (MB): peak = 989.629 ; gain = 0.000
INFO: [Common 17-1381] The checkpoint 'C:/Users/gabriele/Documents/DigitalSystems/ProjectIIR/vivado_synth/vivado_synth.runs/impl_1/IIR16bit_placed.dcp' has been generated.
report_io: Time (s): cpu = 00:00:00 ; elapsed = 00:00:00.111 . Memory (MB): peak = 989.629 ; gain = 0.000
report_utilization: Time (s): cpu = 00:00:00 ; elapsed = 00:00:00.025 . Memory (MB): peak = 989.629 ; gain = 0.000
report_control_sets: Time (s): cpu = 00:00:00 ; elapsed = 00:00:00.007 . Memory (MB): peak = 989.629 ; gain = 0.000
Command: route_design
Attempting to get a license for feature 'Implementation' and/or device 'xc7z010-clg400'
INFO: [Common 17-349] Got license for feature 'Implementation' and/or device 'xc7z010-clg400'
Running DRC as a precondition to command route_design
Command: report_drc (run_mandatory_drcs) for: router_checks
INFO: [DRC 23-27] Running DRC with 2 threads
report_drc (run_mandatory_drcs) completed successfully
INFO: [Vivado_Tcl 4-198] DRC finished with 0 Errors
INFO: [Vivado_Tcl 4-199] Please refer to the DRC report (report_drc) for more information.


Starting Routing Task
INFO: [Route 35-254] Multithreading enabled for route_design using a maximum of 2 CPUs
Checksum: PlaceDB: a2812f0d ConstDB: 0 ShapeSum: 319dc74e RouteDB: 0

Phase 1 Build RT Design
Phase 1 Build RT Design | Checksum: 164a3816c

Time (s): cpu = 00:00:17 ; elapsed = 00:00:16 . Memory (MB): peak = 1061.516 ; gain = 71.887

Phase 2 Router Initialization

Phase 2.1 Create Timer
Phase 2.1 Create Timer | Checksum: 164a3816c

Time (s): cpu = 00:00:17 ; elapsed = 00:00:16 . Memory (MB): peak = 1061.516 ; gain = 71.887

Phase 2.2 Fix Topology Constraints
Phase 2.2 Fix Topology Constraints | Checksum: 164a3816c

Time (s): cpu = 00:00:17 ; elapsed = 00:00:16 . Memory (MB): peak = 1061.516 ; gain = 71.887

Phase 2.3 Pre Route Cleanup
Phase 2.3 Pre Route Cleanup | Checksum: 164a3816c

Time (s): cpu = 00:00:17 ; elapsed = 00:00:16 . Memory (MB): peak = 1061.516 ; gain = 71.887
 Number of Nodes with overlaps = 0

Phase 2.4 Update Timing
Phase 2.4 Update Timing | Checksum: 1f34b0c34

Time (s): cpu = 00:00:17 ; elapsed = 00:00:16 . Memory (MB): peak = 1061.516 ; gain = 71.887
INFO: [Route 35-416] Intermediate Timing Summary | WNS=N/A    | TNS=N/A    | WHS=-0.157 | THS=-5.205 |

Phase 2 Router Initialization | Checksum: 1f34b0c34

Time (s): cpu = 00:00:17 ; elapsed = 00:00:16 . Memory (MB): peak = 1061.516 ; gain = 71.887

Phase 3 Initial Routing
Phase 3 Initial Routing | Checksum: 17bf5e258

Time (s): cpu = 00:00:17 ; elapsed = 00:00:16 . Memory (MB): peak = 1061.516 ; gain = 71.887

Phase 4 Rip-up And Reroute

Phase 4.1 Global Iteration 0
 Number of Nodes with overlaps = 2
 Number of Nodes with overlaps = 0
Phase 4.1 Global Iteration 0 | Checksum: 1308ffd20

Time (s): cpu = 00:00:17 ; elapsed = 00:00:16 . Memory (MB): peak = 1061.516 ; gain = 71.887
Phase 4 Rip-up And Reroute | Checksum: 1308ffd20

Time (s): cpu = 00:00:17 ; elapsed = 00:00:16 . Memory (MB): peak = 1061.516 ; gain = 71.887

Phase 5 Delay and Skew Optimization

Phase 5.1 Delay CleanUp
Phase 5.1 Delay CleanUp | Checksum: 1308ffd20

Time (s): cpu = 00:00:17 ; elapsed = 00:00:16 . Memory (MB): peak = 1061.516 ; gain = 71.887

Phase 5.2 Clock Skew Optimization
Phase 5.2 Clock Skew Optimization | Checksum: 1308ffd20

Time (s): cpu = 00:00:17 ; elapsed = 00:00:16 . Memory (MB): peak = 1061.516 ; gain = 71.887
Phase 5 Delay and Skew Optimization | Checksum: 1308ffd20

Time (s): cpu = 00:00:17 ; elapsed = 00:00:16 . Memory (MB): peak = 1061.516 ; gain = 71.887

Phase 6 Post Hold Fix

Phase 6.1 Hold Fix Iter

Phase 6.1.1 Update Timing
Phase 6.1.1 Update Timing | Checksum: 10518b64f

Time (s): cpu = 00:00:17 ; elapsed = 00:00:16 . Memory (MB): peak = 1061.516 ; gain = 71.887
INFO: [Route 35-416] Intermediate Timing Summary | WNS=N/A    | TNS=N/A    | WHS=0.146  | THS=0.000  |

Phase 6.1 Hold Fix Iter | Checksum: 10518b64f

Time (s): cpu = 00:00:17 ; elapsed = 00:00:16 . Memory (MB): peak = 1061.516 ; gain = 71.887
Phase 6 Post Hold Fix | Checksum: 10518b64f

Time (s): cpu = 00:00:17 ; elapsed = 00:00:16 . Memory (MB): peak = 1061.516 ; gain = 71.887

Phase 7 Route finalize

Router Utilization Summary
  Global Vertical Routing Utilization    = 0.0551802 %
  Global Horizontal Routing Utilization  = 0.0413603 %
  Routable Net Status*
  *Does not include unroutable nets such as driverless and loadless.
  Run report_route_status for detailed report.
  Number of Failed Nets               = 0
  Number of Unrouted Nets             = 0
  Number of Partially Routed Nets     = 0
  Number of Node Overlaps             = 0

Phase 7 Route finalize | Checksum: 10518b64f

Time (s): cpu = 00:00:17 ; elapsed = 00:00:16 . Memory (MB): peak = 1061.516 ; gain = 71.887

Phase 8 Verifying routed nets

 Verification completed successfully
Phase 8 Verifying routed nets | Checksum: 10518b64f

Time (s): cpu = 00:00:17 ; elapsed = 00:00:16 . Memory (MB): peak = 1061.516 ; gain = 71.887

Phase 9 Depositing Routes
Phase 9 Depositing Routes | Checksum: 12a15b35a

Time (s): cpu = 00:00:17 ; elapsed = 00:00:16 . Memory (MB): peak = 1061.516 ; gain = 71.887

Phase 10 Post Router Timing
INFO: [Route 35-57] Estimated Timing Summary | WNS=N/A    | TNS=N/A    | WHS=0.146  | THS=0.000  |

INFO: [Route 35-327] The final timing numbers are based on the router estimated timing analysis. For a complete and accurate timing signoff, please run report_timing_summary.
Phase 10 Post Router Timing | Checksum: 12a15b35a

Time (s): cpu = 00:00:17 ; elapsed = 00:00:16 . Memory (MB): peak = 1061.516 ; gain = 71.887
INFO: [Route 35-16] Router Completed Successfully

Time (s): cpu = 00:00:17 ; elapsed = 00:00:16 . Memory (MB): peak = 1061.516 ; gain = 71.887

Routing Is Done.
49 Infos, 0 Warnings, 0 Critical Warnings and 0 Errors encountered.
route_design completed successfully
route_design: Time (s): cpu = 00:00:20 ; elapsed = 00:00:17 . Memory (MB): peak = 1061.516 ; gain = 71.887
Writing placer database...
Writing XDEF routing.
Writing XDEF routing logical nets.
Writing XDEF routing special nets.
Write XDEF Complete: Time (s): cpu = 00:00:01 ; elapsed = 00:00:00.111 . Memory (MB): peak = 1061.516 ; gain = 0.000
INFO: [Common 17-1381] The checkpoint 'C:/Users/gabriele/Documents/DigitalSystems/ProjectIIR/vivado_synth/vivado_synth.runs/impl_1/IIR16bit_routed.dcp' has been generated.
Command: report_drc -file IIR16bit_drc_routed.rpt -pb IIR16bit_drc_routed.pb -rpx IIR16bit_drc_routed.rpx
INFO: [DRC 23-27] Running DRC with 2 threads
INFO: [Coretcl 2-168] The results of DRC are in file C:/Users/gabriele/Documents/DigitalSystems/ProjectIIR/vivado_synth/vivado_synth.runs/impl_1/IIR16bit_drc_routed.rpt.
report_drc completed successfully
Command: report_methodology -file IIR16bit_methodology_drc_routed.rpt -rpx IIR16bit_methodology_drc_routed.rpx
INFO: [Timing 38-35] Done setting XDC timing constraints.
INFO: [DRC 23-133] Running Methodology with 2 threads
INFO: [Coretcl 2-1520] The results of Report Methodology are in file C:/Users/gabriele/Documents/DigitalSystems/ProjectIIR/vivado_synth/vivado_synth.runs/impl_1/IIR16bit_methodology_drc_routed.rpt.
report_methodology completed successfully
Command: report_power -file IIR16bit_power_routed.rpt -pb IIR16bit_power_summary_routed.pb -rpx IIR16bit_power_routed.rpx
INFO: [Timing 38-35] Done setting XDC timing constraints.
Running Vector-less Activity Propagation...

Finished Running Vector-less Activity Propagation
56 Infos, 0 Warnings, 0 Critical Warnings and 0 Errors encountered.
report_power completed successfully
INFO: [Timing 38-91] UpdateTimingParams: Speed grade: -3, Delay Type: min_max.
INFO: [Timing 38-191] Multithreading enabled for timing update using a maximum of 2 CPUs
INFO: [Common 17-206] Exiting Vivado at Sun Jun 25 17:22:30 2017...
